c:\users\marko\documents\github\dataflow-simulator\simulator\simulator\debug\vc120.pdb
c:\users\marko\documents\github\dataflow-simulator\simulator\simulator\debug\vc120.idb
c:\users\marko\documents\github\dataflow-simulator\simulator\simulator\debug\addition.obj
c:\users\marko\documents\github\dataflow-simulator\simulator\simulator\debug\assignment.obj
c:\users\marko\documents\github\dataflow-simulator\simulator\simulator\debug\compiler.obj
c:\users\marko\documents\github\dataflow-simulator\simulator\simulator\debug\machine.obj
c:\users\marko\documents\github\dataflow-simulator\simulator\simulator\debug\memory.obj
c:\users\marko\documents\github\dataflow-simulator\simulator\simulator\debug\multiplication.obj
c:\users\marko\documents\github\dataflow-simulator\simulator\simulator\debug\simulator.obj
c:\users\marko\documents\github\dataflow-simulator\simulator\simulator\debug\expression.obj
c:\users\marko\documents\github\dataflow-simulator\simulator\simulator\debug\power.obj
c:\users\marko\documents\github\dataflow-simulator\simulator\debug\simulator.ilk
c:\users\marko\documents\github\dataflow-simulator\simulator\debug\simulator.exe
c:\users\marko\documents\github\dataflow-simulator\simulator\debug\simulator.pdb
c:\users\marko\documents\github\dataflow-simulator\simulator\simulator\debug\simulator.tlog\cl.command.1.tlog
c:\users\marko\documents\github\dataflow-simulator\simulator\simulator\debug\simulator.tlog\cl.read.1.tlog
c:\users\marko\documents\github\dataflow-simulator\simulator\simulator\debug\simulator.tlog\cl.write.1.tlog
c:\users\marko\documents\github\dataflow-simulator\simulator\simulator\debug\simulator.tlog\link.command.1.tlog
c:\users\marko\documents\github\dataflow-simulator\simulator\simulator\debug\simulator.tlog\link.read.1.tlog
c:\users\marko\documents\github\dataflow-simulator\simulator\simulator\debug\simulator.tlog\link.write.1.tlog
